<?xml version="1.0" encoding="UTF-8"?>
<robot generator="Robot 4.1.2 (Python 3.10.0 on win32)" generated="20211118 19:32:43.381" rpa="false" schemaversion="2">
<suite id="s1" name="Trabalhe Conosco" source="C:\Robot\Specs\trabalhe_conosco.robot">
<kw name="Open Browser" library="SeleniumLibrary" type="SETUP">
<arg>about:blank</arg>
<arg>chrome</arg>
<doc>Opens a new browser instance to the optional ``url``.</doc>
<msg timestamp="20211118 19:32:44.007" level="INFO">Opening browser 'chrome' to base url 'about:blank'.</msg>
<status status="PASS" starttime="20211118 19:32:44.006" endtime="20211118 19:32:47.300"/>
</kw>
<test id="s1-t1" name="Test">
<kw name="Go To" library="SeleniumLibrary">
<arg>${url}</arg>
<doc>Navigates the current browser window to the provided ``url``.</doc>
<msg timestamp="20211118 19:32:47.305" level="INFO">Opening url 'https://www.primecontrol.com.br/trabalhe-conosco/'</msg>
<status status="PASS" starttime="20211118 19:32:47.303" endtime="20211118 19:32:53.282"/>
</kw>
<kw name="Click Element" library="SeleniumLibrary">
<arg>${trabalheConosco.btnAccept}</arg>
<doc>Click the element identified by ``locator``.</doc>
<msg timestamp="20211118 19:32:53.286" level="INFO">Clicking element '//*[@id="hs-eu-confirmation-button"]'.</msg>
<status status="PASS" starttime="20211118 19:32:53.283" endtime="20211118 19:32:53.404"/>
</kw>
<kw name="Click Element" library="SeleniumLibrary">
<arg>${trabalheConosco.btnCadastrarCurriculo}</arg>
<doc>Click the element identified by ``locator``.</doc>
<msg timestamp="20211118 19:32:53.409" level="INFO">Clicking element '//*[@id="king-385018"]/div/div[2]/div/div[2]/a'.</msg>
<status status="PASS" starttime="20211118 19:32:53.407" endtime="20211118 19:32:53.574"/>
</kw>
<kw name="Switch Window" library="SeleniumLibrary">
<arg>New</arg>
<doc>Switches to browser window matching ``locator``.</doc>
<status status="PASS" starttime="20211118 19:32:53.577" endtime="20211118 19:32:53.603"/>
</kw>
<kw name="Input Text" library="SeleniumLibrary">
<arg>${trabalheConosco.name}</arg>
<arg>${preencheCampos.name}</arg>
<doc>Types the given ``text`` into the text field identified by ``locator``.</doc>
<msg timestamp="20211118 19:32:53.610" level="INFO">Typing text 'Elizabeth Rodrigues' into text field '//*[@id="name"]'.</msg>
<status status="PASS" starttime="20211118 19:32:53.606" endtime="20211118 19:32:55.957"/>
</kw>
<kw name="Input Text" library="SeleniumLibrary">
<arg>${trabalheConosco.position}</arg>
<arg>${preencheCampos.position}</arg>
<doc>Types the given ``text`` into the text field identified by ``locator``.</doc>
<msg timestamp="20211118 19:32:55.961" level="INFO">Typing text 'Cargo Automaçao' into text field '//*[@id="headline"]'.</msg>
<status status="PASS" starttime="20211118 19:32:55.958" endtime="20211118 19:32:56.162"/>
</kw>
<kw name="Input Text" library="SeleniumLibrary">
<arg>${trabalheConosco.salary}</arg>
<arg>${preencheCampos.salary}</arg>
<doc>Types the given ``text`` into the text field identified by ``locator``.</doc>
<msg timestamp="20211118 19:32:56.166" level="INFO">Typing text '9.000,00' into text field '//*[@id="salary"]'.</msg>
<status status="PASS" starttime="20211118 19:32:56.163" endtime="20211118 19:32:56.379"/>
</kw>
<kw name="Input Text" library="SeleniumLibrary">
<arg>${trabalheConosco.email}</arg>
<arg>${preencheCampos.email}</arg>
<doc>Types the given ``text`` into the text field identified by ``locator``.</doc>
<msg timestamp="20211118 19:32:56.383" level="INFO">Typing text 'elizabeth@gmail.com' into text field '//*[@id="email"]'.</msg>
<status status="PASS" starttime="20211118 19:32:56.380" endtime="20211118 19:32:56.606"/>
</kw>
<kw name="Input Text" library="SeleniumLibrary">
<arg>${trabalheConosco.phone1}</arg>
<arg>${preencheCampos.phone1}</arg>
<doc>Types the given ``text`` into the text field identified by ``locator``.</doc>
<msg timestamp="20211118 19:32:56.611" level="INFO">Typing text '11 9 9999-9876' into text field '//*[@id="phone-0"]'.</msg>
<status status="PASS" starttime="20211118 19:32:56.608" endtime="20211118 19:32:56.800"/>
</kw>
<kw name="Click Element" library="SeleniumLibrary">
<arg>${trabalheConosco.btnAddTelefone}</arg>
<doc>Click the element identified by ``locator``.</doc>
<msg timestamp="20211118 19:32:56.805" level="INFO">Clicking element '//*[@id="__layout"]/div/div/section/div/div/form/fieldset[2]/div[2]/div[2]/div[2]/button'.</msg>
<status status="PASS" starttime="20211118 19:32:56.803" endtime="20211118 19:32:56.909"/>
</kw>
<kw name="Input Text" library="SeleniumLibrary">
<arg>${trabalheConosco.phone2}</arg>
<arg>${preencheCampos.phone2}</arg>
<doc>Types the given ``text`` into the text field identified by ``locator``.</doc>
<msg timestamp="20211118 19:32:56.913" level="INFO">Typing text 'testetelefone' into text field '//*[@id="phone-1"]'.</msg>
<status status="PASS" starttime="20211118 19:32:56.910" endtime="20211118 19:32:57.095"/>
</kw>
<kw name="Select From List By Value" library="SeleniumLibrary">
<arg>${trabalheConosco.cmbCountry}</arg>
<arg>${preencheCampos.cmbCountry}</arg>
<doc>Selects options from selection list ``locator`` by ``values``.</doc>
<msg timestamp="20211118 19:32:57.097" level="INFO">Selecting options from selection list '//*[@id="country"]' by value BR.</msg>
<status status="PASS" starttime="20211118 19:32:57.096" endtime="20211118 19:32:57.237"/>
</kw>
<kw name="Input Text" library="SeleniumLibrary">
<arg>${trabalheConosco.state}</arg>
<arg>${preencheCampos.state}</arg>
<doc>Types the given ``text`` into the text field identified by ``locator``.</doc>
<msg timestamp="20211118 19:32:57.248" level="INFO">Typing text 'PE' into text field '//*[@id="region"]'.</msg>
<status status="PASS" starttime="20211118 19:32:57.238" endtime="20211118 19:32:57.432"/>
</kw>
<kw name="Input Text" library="SeleniumLibrary">
<arg>${trabalheConosco.city}</arg>
<arg>${preencheCampos.city}</arg>
<doc>Types the given ``text`` into the text field identified by ``locator``.</doc>
<msg timestamp="20211118 19:32:57.435" level="INFO">Typing text 'Cidade Automação' into text field '//*[@id="city"]'.</msg>
<status status="PASS" starttime="20211118 19:32:57.432" endtime="20211118 19:32:57.600"/>
</kw>
<kw name="Input Text" library="SeleniumLibrary">
<arg>${trabalheConosco.neighborhood}</arg>
<arg>${preencheCampos.neighborhood}</arg>
<doc>Types the given ``text`` into the text field identified by ``locator``.</doc>
<msg timestamp="20211118 19:32:57.616" level="INFO">Typing text 'bairro Automação' into text field '//*[@id="neighborhood"]'.</msg>
<status status="PASS" starttime="20211118 19:32:57.613" endtime="20211118 19:32:57.793"/>
</kw>
<kw name="Input Text" library="SeleniumLibrary">
<arg>${trabalheConosco.address}</arg>
<arg>${preencheCampos.address}</arg>
<doc>Types the given ``text`` into the text field identified by ``locator``.</doc>
<msg timestamp="20211118 19:32:57.796" level="INFO">Typing text 'Rua XPTO' into text field '//*[@id="address"]'.</msg>
<status status="PASS" starttime="20211118 19:32:57.794" endtime="20211118 19:32:57.934"/>
</kw>
<kw name="Input Text" library="SeleniumLibrary">
<arg>${trabalheConosco.zipCode}</arg>
<arg>${preencheCampos.zipCode}</arg>
<doc>Types the given ``text`` into the text field identified by ``locator``.</doc>
<msg timestamp="20211118 19:32:57.936" level="INFO">Typing text '53098765' into text field '//*[@id="zipcode"]'.</msg>
<status status="PASS" starttime="20211118 19:32:57.934" endtime="20211118 19:32:58.091"/>
</kw>
<kw name="Input Text" library="SeleniumLibrary">
<arg>${trabalheConosco.summary}</arg>
<arg>${preencheCampos.summary}</arg>
<doc>Types the given ``text`` into the text field identified by ``locator``.</doc>
<msg timestamp="20211118 19:32:58.094" level="INFO">Typing text 'curriculo Automação Bootcamp qa.coders' into text field '//*[@id="summary"]'.</msg>
<status status="PASS" starttime="20211118 19:32:58.093" endtime="20211118 19:32:58.267"/>
</kw>
<kw name="Choose File" library="SeleniumLibrary">
<arg>${trabalheConosco.resumeFile}</arg>
<arg>${EXECDIR}/Elizabeth_Rodrigues_CV.pdf</arg>
<doc>Inputs the ``file_path`` into the file input field ``locator``.</doc>
<msg timestamp="20211118 19:32:58.270" level="INFO">Sending C:\Robot\Elizabeth_Rodrigues_CV.pdf to browser.</msg>
<status status="PASS" starttime="20211118 19:32:58.269" endtime="20211118 19:32:58.330"/>
</kw>
<kw name="Wait Until Page Contains" library="SeleniumLibrary">
<arg>Elizabeth_Rodrigues_CV.pdf</arg>
<arg>30</arg>
<doc>Waits until ``text`` appears on the current page.</doc>
<status status="PASS" starttime="20211118 19:32:58.330" endtime="20211118 19:32:59.004"/>
</kw>
<kw name="Scroll Element Into View" library="SeleniumLibrary">
<arg>${trabalheConosco.btnFinish}</arg>
<doc>Scrolls the element identified by ``locator`` into view.</doc>
<status status="PASS" starttime="20211118 19:32:59.005" endtime="20211118 19:32:59.299"/>
</kw>
<kw name="Click Element" library="SeleniumLibrary">
<arg>${trabalheConosco.btnFinish}</arg>
<doc>Click the element identified by ``locator``.</doc>
<msg timestamp="20211118 19:32:59.301" level="INFO">Clicking element '//*[@id="__layout"]/div/div/section/div/div/form/button/span'.</msg>
<status status="PASS" starttime="20211118 19:32:59.300" endtime="20211118 19:32:59.356"/>
</kw>
<kw name="Wait Until Element Contains" library="SeleniumLibrary">
<arg>${trabalheConosco.sucesso}</arg>
<arg>${preencheCampos.sucesso}</arg>
<arg>30</arg>
<doc>Waits until the element ``locator`` contains ``text``.</doc>
<status status="PASS" starttime="20211118 19:32:59.356" endtime="20211118 19:33:00.047"/>
</kw>
<status status="PASS" starttime="20211118 19:32:47.301" endtime="20211118 19:33:00.048"/>
</test>
<kw name="Close Browser" library="SeleniumLibrary" type="TEARDOWN">
<doc>Closes the current browser.</doc>
<status status="PASS" starttime="20211118 19:33:00.050" endtime="20211118 19:33:02.399"/>
</kw>
<status status="PASS" starttime="20211118 19:32:43.386" endtime="20211118 19:33:02.399"/>
</suite>
<statistics>
<total>
<stat pass="1" fail="0" skip="0">All Tests</stat>
</total>
<tag>
</tag>
<suite>
<stat pass="1" fail="0" skip="0" id="s1" name="Trabalhe Conosco">Trabalhe Conosco</stat>
</suite>
</statistics>
<errors>
</errors>
</robot>
